[2023-03-31T15:19:44.279+0500] {taskinstance.py:1084} INFO - Dependencies all met for dep_context=non-requeueable deps ti=<TaskInstance: my_Scraping_Dag.save_to_spreadsheet manual__2023-03-31T10:17:01.290774+00:00 [queued]>
[2023-03-31T15:19:44.288+0500] {taskinstance.py:1084} INFO - Dependencies all met for dep_context=requeueable deps ti=<TaskInstance: my_Scraping_Dag.save_to_spreadsheet manual__2023-03-31T10:17:01.290774+00:00 [queued]>
[2023-03-31T15:19:44.288+0500] {taskinstance.py:1282} INFO - 
--------------------------------------------------------------------------------
[2023-03-31T15:19:44.288+0500] {taskinstance.py:1283} INFO - Starting attempt 1 of 1
[2023-03-31T15:19:44.290+0500] {taskinstance.py:1284} INFO - 
--------------------------------------------------------------------------------
[2023-03-31T15:19:44.306+0500] {taskinstance.py:1303} INFO - Executing <Task(PythonOperator): save_to_spreadsheet> on 2023-03-31 10:17:01.290774+00:00
[2023-03-31T15:19:44.323+0500] {standard_task_runner.py:55} INFO - Started process 1418 to run task
[2023-03-31T15:19:44.331+0500] {standard_task_runner.py:82} INFO - Running: ['airflow', 'tasks', 'run', 'my_Scraping_Dag', 'save_to_spreadsheet', 'manual__2023-03-31T10:17:01.290774+00:00', '--job-id', '63', '--raw', '--subdir', 'DAGS_FOLDER/AirFlow_Task.py', '--cfg-path', '/tmp/tmpt5evlqm4']
[2023-03-31T15:19:44.333+0500] {standard_task_runner.py:83} INFO - Job 63: Subtask save_to_spreadsheet
[2023-03-31T15:19:44.437+0500] {task_command.py:388} INFO - Running <TaskInstance: my_Scraping_Dag.save_to_spreadsheet manual__2023-03-31T10:17:01.290774+00:00 [running]> on host Jamshaid-PC.localdomain
[2023-03-31T15:19:44.506+0500] {taskinstance.py:1509} INFO - Exporting the following env vars:
AIRFLOW_CTX_DAG_EMAIL=jamshaid.afzal@tmcltd.com
AIRFLOW_CTX_DAG_OWNER=jamshaid
AIRFLOW_CTX_DAG_ID=my_Scraping_Dag
AIRFLOW_CTX_TASK_ID=save_to_spreadsheet
AIRFLOW_CTX_EXECUTION_DATE=2023-03-31T10:17:01.290774+00:00
AIRFLOW_CTX_TRY_NUMBER=1
AIRFLOW_CTX_DAG_RUN_ID=manual__2023-03-31T10:17:01.290774+00:00
[2023-03-31T15:19:44.509+0500] {logging_mixin.py:137} INFO - /home/jamshaid
[2023-03-31T15:20:04.585+0500] {python.py:177} INFO - Done. Returned value was: None
[2023-03-31T15:20:04.596+0500] {taskinstance.py:1321} INFO - Marking task as SUCCESS. dag_id=my_Scraping_Dag, task_id=save_to_spreadsheet, execution_date=20230331T101701, start_date=20230331T101944, end_date=20230331T102004
[2023-03-31T15:20:04.625+0500] {local_task_job.py:212} INFO - Task exited with return code 0
[2023-03-31T15:20:04.657+0500] {taskinstance.py:2585} INFO - 1 downstream tasks scheduled from follow-on schedule check
