[2023-03-31T16:28:58.597+0500] {taskinstance.py:1084} INFO - Dependencies all met for dep_context=non-requeueable deps ti=<TaskInstance: my_Scraping_Dag.save_to_spreadsheet manual__2023-03-31T11:28:23.381005+00:00 [queued]>
[2023-03-31T16:28:58.608+0500] {taskinstance.py:1084} INFO - Dependencies all met for dep_context=requeueable deps ti=<TaskInstance: my_Scraping_Dag.save_to_spreadsheet manual__2023-03-31T11:28:23.381005+00:00 [queued]>
[2023-03-31T16:28:58.608+0500] {taskinstance.py:1282} INFO - 
--------------------------------------------------------------------------------
[2023-03-31T16:28:58.609+0500] {taskinstance.py:1283} INFO - Starting attempt 1 of 1
[2023-03-31T16:28:58.609+0500] {taskinstance.py:1284} INFO - 
--------------------------------------------------------------------------------
[2023-03-31T16:28:58.626+0500] {taskinstance.py:1303} INFO - Executing <Task(PythonOperator): save_to_spreadsheet> on 2023-03-31 11:28:23.381005+00:00
[2023-03-31T16:28:58.644+0500] {standard_task_runner.py:55} INFO - Started process 2744 to run task
[2023-03-31T16:28:58.653+0500] {standard_task_runner.py:82} INFO - Running: ['airflow', 'tasks', 'run', 'my_Scraping_Dag', 'save_to_spreadsheet', 'manual__2023-03-31T11:28:23.381005+00:00', '--job-id', '70', '--raw', '--subdir', 'DAGS_FOLDER/AirFlow_Task.py', '--cfg-path', '/tmp/tmpb7huj436']
[2023-03-31T16:28:58.655+0500] {standard_task_runner.py:83} INFO - Job 70: Subtask save_to_spreadsheet
[2023-03-31T16:28:58.752+0500] {task_command.py:388} INFO - Running <TaskInstance: my_Scraping_Dag.save_to_spreadsheet manual__2023-03-31T11:28:23.381005+00:00 [running]> on host Jamshaid-PC.localdomain
[2023-03-31T16:28:58.820+0500] {taskinstance.py:1509} INFO - Exporting the following env vars:
AIRFLOW_CTX_DAG_EMAIL=jamshaid.afzal@tmcltd.com
AIRFLOW_CTX_DAG_OWNER=jamshaid
AIRFLOW_CTX_DAG_ID=my_Scraping_Dag
AIRFLOW_CTX_TASK_ID=save_to_spreadsheet
AIRFLOW_CTX_EXECUTION_DATE=2023-03-31T11:28:23.381005+00:00
AIRFLOW_CTX_TRY_NUMBER=1
AIRFLOW_CTX_DAG_RUN_ID=manual__2023-03-31T11:28:23.381005+00:00
[2023-03-31T16:28:58.823+0500] {logging_mixin.py:137} INFO - /home/jamshaid
[2023-03-31T16:29:53.202+0500] {python.py:177} INFO - Done. Returned value was: None
[2023-03-31T16:29:53.218+0500] {taskinstance.py:1321} INFO - Marking task as SUCCESS. dag_id=my_Scraping_Dag, task_id=save_to_spreadsheet, execution_date=20230331T112823, start_date=20230331T112858, end_date=20230331T112953
[2023-03-31T16:29:53.271+0500] {local_task_job.py:212} INFO - Task exited with return code 0
[2023-03-31T16:29:53.294+0500] {taskinstance.py:2585} INFO - 1 downstream tasks scheduled from follow-on schedule check
